        -:    0:Source:C:/codee/frb-tsk2/newcode/task2/.temp/cov_host_P0002_14960/user_for_cov.c
        -:    0:Graph:user_for_cov.gcno
        -:    0:Data:user_for_cov.gcda
        -:    0:Runs:4
        -:    0:Programs:1
        -:    1:#include <stdint.h>
        -:    2:#include <stdbool.h>
        -:    3:#include <stddef.h>
        -:    4:
        -:    5:#include "uart_oj_rx_poll.h"
        -:    6:
        -:    7:/* 全局缓冲区（由平台提供） */
        -:    8:#define MAX_DATA_LEN 16
        -:    9:#define BUFFER_SIZE (2 + MAX_DATA_LEN + 1) // 最大20字节
        -:   10:uint8_t rx_buffer[BUFFER_SIZE];
        -:   11:uint8_t received_data[MAX_DATA_LEN];
        -:   12:volatile uint8_t data_ready; // 由volatile修饰
        -:   13:volatile uint8_t received_data_len; /* 校验通过时有效数据长度，供主循环打印 */
        -:   14:
        -:   15:/* 状态机定义 */
        -:   16:typedef enum {
        -:   17:    STATE_IDLE,
        -:   18:    STATE_RECEIVING
        -:   19:} rx_state_t;
        -:   20:
        -:   21:static rx_state_t rx_state = STATE_IDLE;
        -:   22:static uint8_t rx_index = 0;
        -:   23:static uint8_t expected_len = 0;
        -:   24:
        -:   25:extern void uart_write_byte(uint8_t ch);
        -:   26:
        -:   27:/* 前置声明：UART_IRQHandler 中会调用，定义在文件后部 */
        -:   28:uint8_t process_frame(uint8_t *raw, uint8_t len);
        -:   29:
        -:   30:/* 中断服务程序 */
function UART_IRQHandler called 34 returned 100% blocks executed 90%
       34:   31:void UART_IRQHandler(void)
        -:   32:{
       34:   33:    uint8_t byte = UART_ReceiveByte();
call    0 returned 100%
        -:   34:
       34:   35:    switch (rx_state) {
branch  0 taken 47%
branch  1 taken 53%
branch  2 taken 0%
       16:   36:    case STATE_IDLE:
       16:   37:        if (byte == 0xAA) {
branch  0 taken 38% (fallthrough)
branch  1 taken 63%
        6:   38:            rx_buffer[0] = byte;
        6:   39:            rx_index = 1;
        6:   40:            rx_state = STATE_RECEIVING;
        -:   41:        }
       16:   42:        break;
        -:   43:
       18:   44:    case STATE_RECEIVING:
       18:   45:        if (rx_index >= BUFFER_SIZE) {
branch  0 taken 0% (fallthrough)
branch  1 taken 100%
    #####:   46:            rx_state = STATE_IDLE; // 溢出，复位
    #####:   47:            break;
        -:   48:        }
       18:   49:        rx_buffer[rx_index] = byte;
       18:   50:        rx_index++;
        -:   51:
       18:   52:        if (rx_index == 2) {
branch  0 taken 33% (fallthrough)
branch  1 taken 67%
        6:   53:            expected_len = byte;
        6:   54:            if (expected_len < 1 || expected_len > MAX_DATA_LEN) {
branch  0 taken 100% (fallthrough)
branch  1 taken 0%
branch  2 taken 33% (fallthrough)
branch  3 taken 67%
        2:   55:                rx_state = STATE_IDLE; // 非法长度，丢弃
        -:   56:            }
       12:   57:        } else if (rx_index == (expected_len + 3)) {
branch  0 taken 33% (fallthrough)
branch  1 taken 67%
        4:   58:            if (process_frame(rx_buffer, expected_len + 3)) {
call    0 returned 100%
branch  1 taken 75% (fallthrough)
branch  2 taken 25%
        3:   59:                data_ready = 1;
        -:   60:            }
        4:   61:            rx_state = STATE_IDLE;
        -:   62:        }
       18:   63:        break;
        -:   64:
    #####:   65:    default:
    #####:   66:        rx_state = STATE_IDLE;
    #####:   67:        break;
        -:   68:    }
       34:   69:}
        -:   70:
        -:   71:/* 帧处理函数 */
function process_frame called 4 returned 100% blocks executed 80%
        4:   72:uint8_t process_frame(uint8_t *raw, uint8_t len)
        -:   73:{
        4:   74:    if (raw == NULL || len < 3)
branch  0 taken 100% (fallthrough)
branch  1 taken 0%
branch  2 taken 0% (fallthrough)
branch  3 taken 100%
    #####:   75:        return 0;
        -:   76:
        4:   77:    uint8_t header = raw[0];
        4:   78:    uint8_t length = raw[1];
        4:   79:    uint8_t checksum = raw[len - 1];
        4:   80:    uint8_t cal_checksum = 0;
        -:   81:
        4:   82:    if (header != 0xAA)
branch  0 taken 0% (fallthrough)
branch  1 taken 100%
    #####:   83:        return 0;
        4:   84:    if (length < 1 || length > MAX_DATA_LEN)
branch  0 taken 100% (fallthrough)
branch  1 taken 0%
branch  2 taken 0% (fallthrough)
branch  3 taken 100%
    #####:   85:        return 0;
        4:   86:    if (len != (length + 3))
branch  0 taken 0% (fallthrough)
branch  1 taken 100%
    #####:   87:        return 0;
        -:   88:
       20:   89:    for (uint8_t i = 0; i < len - 1; i++) {
branch  0 taken 80%
branch  1 taken 20% (fallthrough)
       16:   90:        cal_checksum += raw[i];
        -:   91:    }
        4:   92:    if (cal_checksum != checksum)
branch  0 taken 25% (fallthrough)
branch  1 taken 75%
        1:   93:        return 0;
        -:   94:
        9:   95:    for (uint8_t i = 0; i < length; i++) {
branch  0 taken 67%
branch  1 taken 33% (fallthrough)
        6:   96:        received_data[i] = raw[2 + i];
        -:   97:    }
        -:   98:
        3:   99:    received_data_len = length;
        3:  100:    return 1;
        -:  101:}
        -:  102:
function print_ok_line called 0 returned 0% blocks executed 0%
    #####:  103:static void print_ok_line(void)
        -:  104:{
        -:  105:    static const char hdr[] = "OK: ";
    #####:  106:    const char *p = hdr;
        -:  107:
    #####:  108:    while (*p != '\0') {
branch  0 never executed
branch  1 never executed
    #####:  109:        uart_write_byte((uint8_t)*p);
call    0 never executed
    #####:  110:        p++;
        -:  111:    }
        -:  112:
    #####:  113:    for (uint8_t i = 0; i < received_data_len; i++) {
branch  0 never executed
branch  1 never executed
    #####:  114:        uint8_t b = received_data[i];
        -:  115:        static const char hex[] = "0123456789ABCDEF";
        -:  116:
    #####:  117:        if (i > (uint8_t)0) {
branch  0 never executed
branch  1 never executed
    #####:  118:            uart_write_byte((uint8_t)' ');
call    0 never executed
        -:  119:        }
    #####:  120:        uart_write_byte((uint8_t)hex[(b >> 4) & (uint8_t)0x0F]);
call    0 never executed
    #####:  121:        uart_write_byte((uint8_t)hex[b & (uint8_t)0x0F]);
call    0 never executed
        -:  122:    }
    #####:  123:    uart_write_byte((uint8_t)'\n');
call    0 never executed
    #####:  124:}
        -:  125:
